[14:48:59] INFO: [grid] start items=96 tile=150 size=150x150
[14:48:59] DEBUG: [local] hit 18428835586.png size=(420, 420)
[14:48:59] DEBUG: [local] hit 5677350668.png size=(420, 420)
[14:48:59] DEBUG: [local] hit 14642412661.png size=(420, 420)
[14:48:59] DEBUG: [local] hit 6036787782.png size=(420, 420)
[14:48:59] DEBUG: [local] hit 14438914579.png size=(420, 420)
[14:48:59] DEBUG: [local] hit 15786166605.png size=(420, 420)
[14:48:59] DEBUG: [local] hit 12009870364.png size=(420, 420)
[14:48:59] DEBUG: [local] hit 10006515941.png size=(420, 420)
[14:48:59] DEBUG: [local] hit 12912852887.png size=(420, 420)
[14:48:59] DEBUG: [local] hit 15694226906.png size=(420, 420)
[14:48:59] DEBUG: [local] hit 12307091817.png size=(420, 420)
[14:48:59] DEBUG: [local] hit 12393794196.png size=(420, 420)
[14:48:59] DEBUG: [local] hit 12307048143.png size=(420, 420)
[14:48:59] DEBUG: [local] hit 4528880486.png size=(420, 420)
[14:48:59] DEBUG: [local] hit 130511588082575.png size=(420, 420)
[14:48:59] DEBUG: [local] hit 6965372930.png size=(420, 420)
[14:48:59] DEBUG: [local] hit 6134532324.png size=(420, 420)
[14:48:59] DEBUG: [local] hit 15485982313.png size=(420, 420)
[14:48:59] DEBUG: [local] hit 110192263342371.png size=(420, 420)
[14:48:59] DEBUG: [local] hit 102338104638146.png size=(420, 420)
[14:48:59] DEBUG: [local] hit 15863269955.png size=(420, 420)
[14:48:59] DEBUG: [local] hit 17826440571.png size=(420, 420)
[14:48:59] DEBUG: [local] hit 15393465273.png size=(420, 420)
[14:48:59] DEBUG: [local] hit 13895617178.png size=(420, 420)
[14:48:59] DEBUG: [local] hit 10721963880.png size=(420, 420)
[14:48:59] DEBUG: [local] hit 85250940579788.png size=(420, 420)
[14:48:59] DEBUG: [local] hit 17846977350.png size=(420, 420)
[14:48:59] DEBUG: [local] hit 16651158472.png size=(420, 420)
[14:48:59] DEBUG: [local] hit 15719707390.png size=(420, 420)
[14:48:59] DEBUG: [local] hit 16264934063.png size=(420, 420)
[14:48:59] DEBUG: [local] hit 18232471260.png size=(420, 420)
[14:48:59] DEBUG: [local] hit 5700329323.png size=(420, 420)
[14:48:59] DEBUG: [local] hit 14860651021.png size=(420, 420)
[14:48:59] DEBUG: [local] hit 12369867610.png size=(420, 420)
[14:48:59] DEBUG: [local] hit 5355321395.png size=(420, 420)
[14:48:59] DEBUG: [local] hit 14025256180.png size=(420, 420)
[14:48:59] DEBUG: [local] hit 88835287292574.png size=(420, 420)
[14:48:59] DEBUG: [local] hit 120645007205535.png size=(420, 420)
[14:48:59] DEBUG: [local] hit 102041619417711.png size=(420, 420)
[14:48:59] DEBUG: [local] hit 15395079068.png size=(420, 420)
[14:48:59] DEBUG: [local] hit 125248546677493.png size=(420, 420)
[14:48:59] DEBUG: [local] hit 16717607141.png size=(420, 420)
[14:48:59] DEBUG: [local] hit 18480751369.png size=(420, 420)
[14:48:59] DEBUG: [local] hit 16033597318.png size=(420, 420)
[14:48:59] DEBUG: [local] hit 8998508239.png size=(420, 420)
[14:48:59] DEBUG: [local] hit 18297027252.png size=(420, 420)
[14:48:59] DEBUG: [local] hit 16551810512.png size=(420, 420)
[14:48:59] DEBUG: [local] hit 11329866528.png size=(420, 420)
[14:48:59] DEBUG: [local] hit 15788352066.png size=(420, 420)
[14:48:59] DEBUG: [local] hit 16717522604.png size=(420, 420)
[14:48:59] DEBUG: [local] hit 18923360507.png size=(420, 420)
[14:48:59] DEBUG: [local] hit 17361331178.png size=(420, 420)
[14:48:59] DEBUG: [local] hit 17295817761.png size=(420, 420)
[14:48:59] DEBUG: [local] hit 70687120985666.png size=(420, 420)
[14:48:59] DEBUG: [local] hit 17295546148.png size=(420, 420)
[14:48:59] DEBUG: [local] hit 17779448724.png size=(420, 420)
[14:48:59] DEBUG: [local] hit 16471619778.png size=(420, 420)
[14:48:59] DEBUG: [local] hit 128290599591387.png size=(420, 420)
[14:48:59] DEBUG: [local] hit 18473293539.png size=(420, 420)
[14:48:59] DEBUG: [local] hit 111423898041248.png size=(420, 420)
[14:48:59] DEBUG: [local] hit 301820724.png size=(420, 420)
[14:48:59] DEBUG: [local] hit 123991839420751.png size=(420, 420)
[14:48:59] DEBUG: [local] hit 301820599.png size=(420, 420)
[14:48:59] DEBUG: [local] hit 376527500.png size=(420, 420)
[14:48:59] DEBUG: [local] hit 301820642.png size=(420, 420)
[14:48:59] DEBUG: [local] hit 301820310.png size=(420, 420)
[14:48:59] DEBUG: [local] hit 376526673.png size=(420, 420)
[14:48:59] DEBUG: [local] hit 301820684.png size=(420, 420)
[14:48:59] DEBUG: [local] hit 376527115.png size=(420, 420)
[14:48:59] DEBUG: [local] hit 18112476810.png size=(420, 420)
[14:48:59] DEBUG: [local] hit 18112503797.png size=(420, 420)
[14:48:59] DEBUG: [local] hit 81643530004922.png size=(420, 420)
[14:48:59] DEBUG: [local] hit 301820523.png size=(420, 420)
[14:48:59] DEBUG: [local] hit 4381832739.png size=(420, 420)
[14:48:59] DEBUG: [local] hit 104561002253317.png size=(420, 420)
[14:48:59] DEBUG: [local] hit 18612401560.png size=(420, 420)
[14:48:59] DEBUG: [local] hit 104741822987331.png size=(420, 420)
[14:48:59] DEBUG: [local] hit 2510230574.png size=(420, 420)
[14:48:59] DEBUG: [local] hit 11600317961.png size=(420, 420)
[14:48:59] DEBUG: [local] hit 973773170.png size=(420, 420)
[14:48:59] DEBUG: [local] hit 892269341.png size=(420, 420)
[14:48:59] DEBUG: [local] hit 122757794615785.png size=(420, 420)
[14:48:59] DEBUG: [local] hit 18538170170.png size=(420, 420)
[14:48:59] DEBUG: [local] hit 16744204409.png size=(420, 420)
[14:48:59] DEBUG: [local] hit 754639239.png size=(420, 420)
[14:48:59] DEBUG: [local] hit 619535091.png size=(420, 420)
[14:48:59] DEBUG: [local] hit 72706690305027.png size=(420, 420)
[14:48:59] DEBUG: [local] hit 2510233257.png size=(420, 420)
[14:48:59] DEBUG: [local] hit 11600319649.png size=(420, 420)
[14:48:59] DEBUG: [local] hit 973768058.png size=(420, 420)
[14:48:59] DEBUG: [local] hit 892267521.png size=(420, 420)
[14:48:59] DEBUG: [local] hit 123307994439772.png size=(420, 420)
[14:48:59] DEBUG: [local] hit 18538164337.png size=(420, 420)
[14:48:59] DEBUG: [local] hit 16744207822.png size=(420, 420)
[14:48:59] DEBUG: [local] hit 754636589.png size=(420, 420)
[14:48:59] DEBUG: [local] hit 619535616.png size=(420, 420)
[14:48:59] INFO: [thumb] input=96 local_hits=96 need_fetch=0 size=150x150
[14:49:00] INFO: [grid] done items=96 tile=150 bytes=782246
[14:49:02] INFO: [grid] start items=279 tile=150 size=150x150
[14:49:02] DEBUG: [local] hit 16253146603.png size=(420, 420)
[14:49:02] DEBUG: [local] hit 13241272595.png size=(420, 420)
[14:49:02] DEBUG: [local] hit 3197963725.png size=(420, 420)
[14:49:02] DEBUG: [local] hit 18253180220.png size=(420, 420)
[14:49:02] DEBUG: [local] hit 13568807870.png size=(420, 420)
[14:49:02] DEBUG: [local] hit 14473388564.png size=(420, 420)
[14:49:02] DEBUG: [local] hit 12171405490.png size=(420, 420)
[14:49:02] DEBUG: [local] hit 4837870047.png size=(420, 420)
[14:49:02] DEBUG: [local] hit 16717564348.png size=(420, 420)
[14:49:02] DEBUG: [local] hit 18313885553.png size=(420, 420)
[14:49:02] DEBUG: [local] hit 18313888611.png size=(420, 420)
[14:49:02] DEBUG: [local] hit 7653196601.png size=(420, 420)
[14:49:02] DEBUG: [local] hit 12217910392.png size=(420, 420)
[14:49:02] DEBUG: [local] hit 93647600455130.png size=(420, 420)
[14:49:02] DEBUG: [local] hit 14177908694.png size=(420, 420)
[14:49:02] DEBUG: [local] hit 16345494601.png size=(420, 420)
[14:49:02] DEBUG: [local] hit 13927499919.png size=(420, 420)
[14:49:02] DEBUG: [local] hit 13612578375.png size=(420, 420)
[14:49:02] DEBUG: [local] hit 16246434673.png size=(420, 420)
[14:49:02] DEBUG: [local] hit 17471230986.png size=(420, 420)
[14:49:02] DEBUG: [local] hit 10376985322.png size=(420, 420)
[14:49:02] DEBUG: [local] hit 10404313641.png size=(420, 420)
[14:49:02] DEBUG: [local] hit 111957428160251.png size=(420, 420)
[14:49:02] DEBUG: [local] hit 75495365529503.png size=(420, 420)
[14:49:02] DEBUG: [local] hit 14931481700.png size=(420, 420)
[14:49:02] DEBUG: [local] hit 12929047447.png size=(420, 420)
[14:49:02] DEBUG: [local] hit 15414643431.png size=(420, 420)
[14:49:02] DEBUG: [local] hit 13732472873.png size=(420, 420)
[14:49:02] DEBUG: [local] hit 14096887186.png size=(420, 420)
[14:49:02] DEBUG: [local] hit 16627589361.png size=(420, 420)
[14:49:02] DEBUG: [local] hit 17285136224.png size=(420, 420)
[14:49:02] DEBUG: [local] hit 15657197521.png size=(420, 420)
[14:49:02] DEBUG: [local] hit 17442436021.png size=(420, 420)
[14:49:02] DEBUG: [local] hit 14164580412.png size=(420, 420)
[14:49:02] DEBUG: [local] hit 18300009878.png size=(420, 420)
[14:49:02] DEBUG: [local] hit 14810790973.png size=(420, 420)
[14:49:02] DEBUG: [local] hit 7400015892.png size=(420, 420)
[14:49:02] DEBUG: [local] hit 18137107921.png size=(420, 420)
[14:49:02] DEBUG: [local] hit 7862069169.png size=(420, 420)
[14:49:02] DEBUG: [local] hit 136381299958246.png size=(420, 420)
[14:49:02] DEBUG: [local] hit 15251999207.png size=(420, 420)
[14:49:02] DEBUG: [local] hit 12064125269.png size=(420, 420)
[14:49:02] DEBUG: [local] hit 17552303050.png size=(420, 420)
[14:49:02] DEBUG: [local] hit 79268031976493.png size=(420, 420)
[14:49:02] DEBUG: [local] hit 18458806602.png size=(420, 420)
[14:49:02] DEBUG: [local] hit 10523548490.png size=(420, 420)
[14:49:02] DEBUG: [local] hit 7276533755.png size=(420, 420)
[14:49:02] DEBUG: [local] hit 18491553418.png size=(420, 420)
[14:49:02] DEBUG: [local] hit 18194429767.png size=(420, 420)
[14:49:02] DEBUG: [local] hit 6215479127.png size=(420, 420)
[14:49:02] DEBUG: [local] hit 11380620184.png size=(420, 420)
[14:49:02] DEBUG: [local] hit 14758728581.png size=(420, 420)
[14:49:02] DEBUG: [local] hit 14835772850.png size=(420, 420)
[14:49:02] DEBUG: [local] hit 10613194423.png size=(420, 420)
[14:49:02] DEBUG: [local] hit 12185016647.png size=(420, 420)
[14:49:02] DEBUG: [local] hit 13119121410.png size=(420, 420)
[14:49:02] DEBUG: [local] hit 11832324512.png size=(420, 420)
[14:49:02] DEBUG: [local] hit 15195368244.png size=(420, 420)
[14:49:02] DEBUG: [local] hit 10376995113.png size=(420, 420)
[14:49:02] DEBUG: [local] hit 10404318678.png size=(420, 420)
[14:49:02] DEBUG: [local] hit 102004843565164.png size=(420, 420)
[14:49:02] DEBUG: [local] hit 136580855396320.png size=(420, 420)
[14:49:02] DEBUG: [local] hit 14096885879.png size=(420, 420)
[14:49:02] DEBUG: [local] hit 13676729951.png size=(420, 420)
[14:49:02] DEBUG: [local] hit 16627812388.png size=(420, 420)
[14:49:02] DEBUG: [local] hit 15151300483.png size=(420, 420)
[14:49:02] DEBUG: [local] hit 14775958871.png size=(420, 420)
[14:49:02] DEBUG: [local] hit 8001831524.png size=(420, 420)
[14:49:02] DEBUG: [local] hit 18300030748.png size=(420, 420)
[14:49:02] DEBUG: [local] hit 18206842619.png size=(420, 420)
[14:49:02] DEBUG: [local] hit 13734592079.png size=(420, 420)
[14:49:02] DEBUG: [local] hit 16915208389.png size=(420, 420)
[14:49:02] DEBUG: [local] hit 71364991218057.png size=(420, 420)
[14:49:02] DEBUG: [local] hit 18458816627.png size=(420, 420)
[14:49:02] DEBUG: [local] hit 6486692900.png size=(420, 420)
[14:49:02] DEBUG: [local] hit 16409442176.png size=(420, 420)
[14:49:02] DEBUG: [local] hit 9325361607.png size=(420, 420)
[14:49:02] DEBUG: [local] hit 11323662400.png size=(420, 420)
[14:49:02] DEBUG: [local] hit 14281356977.png size=(420, 420)
[14:49:02] DEBUG: [local] hit 14594971412.png size=(420, 420)
[14:49:02] DEBUG: [local] hit 15144723590.png size=(420, 420)
[14:49:02] DEBUG: [local] hit 11725889271.png size=(420, 420)
[14:49:02] DEBUG: [local] hit 6670502876.png size=(420, 420)
[14:49:02] DEBUG: [local] hit 10253943406.png size=(420, 420)
[14:49:02] DEBUG: [local] hit 78361465087388.png size=(420, 420)
[14:49:02] DEBUG: [local] hit 119749391161060.png size=(420, 420)
[14:49:02] DEBUG: [local] hit 18253108934.png size=(420, 420)
[14:49:02] DEBUG: [local] hit 16130476738.png size=(420, 420)
[14:49:02] DEBUG: [local] hit 14473313084.png size=(420, 420)
[14:49:02] DEBUG: [local] hit 12494457497.png size=(420, 420)
[14:49:02] DEBUG: [local] hit 5737394332.png size=(420, 420)
[14:49:02] DEBUG: [local] hit 6418425361.png size=(420, 420)
[14:49:02] DEBUG: [local] hit 15564836243.png size=(420, 420)
[14:49:02] DEBUG: [local] hit 16300488206.png size=(420, 420)
[14:49:02] DEBUG: [local] hit 103045120198462.png size=(420, 420)
[14:49:02] DEBUG: [local] hit 6722202687.png size=(420, 420)
[14:49:02] DEBUG: [local] hit 5068048089.png size=(420, 420)
[14:49:02] DEBUG: [local] hit 6132186615.png size=(420, 420)
[14:49:02] DEBUG: [local] hit 5628215219.png size=(420, 420)
[14:49:02] DEBUG: [local] hit 16529693785.png size=(420, 420)
[14:49:02] DEBUG: [local] hit 15807526017.png size=(420, 420)
[14:49:02] DEBUG: [local] hit 13393765557.png size=(420, 420)
[14:49:02] DEBUG: [local] hit 8902806997.png size=(420, 420)
[14:49:02] DEBUG: [local] hit 3814403839.png size=(420, 420)
[14:49:02] DEBUG: [local] hit 10791273842.png size=(420, 420)
[14:49:02] DEBUG: [local] hit 16814850632.png size=(420, 420)
[14:49:02] DEBUG: [local] hit 8409657496.png size=(420, 420)
[14:49:02] DEBUG: [local] hit 11671533803.png size=(420, 420)
[14:49:02] DEBUG: [local] hit 7082309071.png size=(420, 420)
[14:49:02] DEBUG: [local] hit 12521146643.png size=(420, 420)
[14:49:02] DEBUG: [local] hit 12474517300.png size=(420, 420)
[14:49:02] DEBUG: [local] hit 9938230013.png size=(420, 420)
[14:49:02] DEBUG: [local] hit 6216554261.png size=(420, 420)
[14:49:02] DEBUG: [local] hit 4283429907.png size=(420, 420)
[14:49:02] DEBUG: [local] hit 7739381069.png size=(420, 420)
[14:49:02] DEBUG: [local] hit 8464861974.png size=(420, 420)
[14:49:02] DEBUG: [local] hit 9698459361.png size=(420, 420)
[14:49:02] DEBUG: [local] hit 15243967944.png size=(420, 420)
[14:49:02] DEBUG: [local] hit 8064724122.png size=(420, 420)
[14:49:02] DEBUG: [local] hit 6153317379.png size=(420, 420)
[14:49:02] DEBUG: [local] hit 13800318372.png size=(420, 420)
[14:49:02] DEBUG: [local] hit 17725915830.png size=(420, 420)
[14:49:02] DEBUG: [local] hit 7215985546.png size=(420, 420)
[14:49:02] DEBUG: [local] hit 9328318987.png size=(420, 420)
[14:49:02] DEBUG: [local] hit 6273919519.png size=(420, 420)
[14:49:02] DEBUG: [local] hit 14903048992.png size=(420, 420)
[14:49:02] DEBUG: [local] hit 10977726831.png size=(420, 420)
[14:49:02] DEBUG: [local] hit 9965518738.png size=(420, 420)
[14:49:02] DEBUG: [local] hit 12142438478.png size=(420, 420)
[14:49:02] DEBUG: [local] hit 13307753670.png size=(420, 420)
[14:49:02] DEBUG: [local] hit 6908375703.png size=(420, 420)
[14:49:02] DEBUG: [local] hit 5612004000.png size=(420, 420)
[14:49:02] DEBUG: [local] hit 17411736422.png size=(420, 420)
[14:49:02] DEBUG: [local] hit 16283825686.png size=(420, 420)
[14:49:02] DEBUG: [local] hit 9683182342.png size=(420, 420)
[14:49:02] DEBUG: [local] hit 11205095276.png size=(420, 420)
[14:49:02] DEBUG: [local] hit 15530435111.png size=(420, 420)
[14:49:02] DEBUG: [local] hit 8754374775.png size=(420, 420)
[14:49:02] DEBUG: [local] hit 15257275036.png size=(420, 420)
[14:49:02] DEBUG: [local] hit 11803506496.png size=(420, 420)
[14:49:02] DEBUG: [local] hit 8494133819.png size=(420, 420)
[14:49:02] DEBUG: [local] hit 6991795518.png size=(420, 420)
[14:49:02] DEBUG: [local] hit 10946093082.png size=(420, 420)
[14:49:02] DEBUG: [local] hit 9952363337.png size=(420, 420)
[14:49:02] DEBUG: [local] hit 6830105705.png size=(420, 420)
[14:49:02] DEBUG: [local] hit 5505351239.png size=(420, 420)
[14:49:02] DEBUG: [local] hit 14263675242.png size=(420, 420)
[14:49:02] DEBUG: [local] hit 11722504221.png size=(420, 420)
[14:49:02] DEBUG: [local] hit 10978078898.png size=(420, 420)
[14:49:02] DEBUG: [local] hit 10978079768.png size=(420, 420)
[14:49:02] DEBUG: [local] hit 12274396370.png size=(420, 420)
[14:49:02] DEBUG: [local] hit 12217321034.png size=(420, 420)
[14:49:02] DEBUG: [local] hit 12178703347.png size=(420, 420)
[14:49:02] DEBUG: [local] hit 12198532306.png size=(420, 420)
[14:49:02] DEBUG: [local] hit 12217322212.png size=(420, 420)
[14:49:02] DEBUG: [local] hit 12404705179.png size=(420, 420)
[14:49:02] DEBUG: [local] hit 12404709882.png size=(420, 420)
[14:49:02] DEBUG: [local] hit 12414066716.png size=(420, 420)
[14:49:02] DEBUG: [local] hit 12434081953.png size=(420, 420)
[14:49:02] DEBUG: [local] hit 12444706250.png size=(420, 420)
[14:49:02] DEBUG: [local] hit 12457132564.png size=(420, 420)
[14:49:02] DEBUG: [local] hit 12170398405.png size=(420, 420)
[14:49:02] DEBUG: [local] hit 9511488403.png size=(420, 420)
[14:49:02] DEBUG: [local] hit 9511404513.png size=(420, 420)
[14:49:02] DEBUG: [local] hit 6239054084.png size=(420, 420)
[14:49:02] DEBUG: [local] hit 6475312203.png size=(420, 420)
[14:49:02] DEBUG: [local] hit 6376248494.png size=(420, 420)
[14:49:02] DEBUG: [local] hit 12009271221.png size=(420, 420)
[14:49:02] DEBUG: [local] hit 11412606203.png size=(420, 420)
[14:49:02] DEBUG: [local] hit 15651855929.png size=(420, 420)
[14:49:02] DEBUG: [local] hit 15988810812.png size=(420, 420)
[14:49:02] DEBUG: [local] hit 16200165618.png size=(420, 420)
[14:49:02] DEBUG: [local] hit 10159746390.png size=(420, 420)
[14:49:02] DEBUG: [local] hit 8714116439.png size=(420, 420)
[14:49:02] DEBUG: [local] hit 6045764316.png size=(420, 420)
[14:49:02] DEBUG: [local] hit 6475198140.png size=(420, 420)
[14:49:02] DEBUG: [local] hit 15564838079.png size=(420, 420)
[14:49:02] DEBUG: [local] hit 94006477532609.png size=(420, 420)
[14:49:02] DEBUG: [local] hit 6722183770.png size=(420, 420)
[14:49:02] DEBUG: [local] hit 6515030149.png size=(420, 420)
[14:49:02] DEBUG: [local] hit 16593944991.png size=(420, 420)
[14:49:02] DEBUG: [local] hit 17287560766.png size=(420, 420)
[14:49:02] DEBUG: [local] hit 6866696739.png size=(420, 420)
[14:49:02] DEBUG: [local] hit 6667634384.png size=(420, 420)
[14:49:02] DEBUG: [local] hit 6444816714.png size=(420, 420)
[14:49:02] DEBUG: [local] hit 2973058140.png size=(420, 420)
[14:49:02] DEBUG: [local] hit 7142822708.png size=(420, 420)
[14:49:02] DEBUG: [local] hit 972619362.png size=(420, 420)
[14:49:02] DEBUG: [local] hit 7572082171.png size=(420, 420)
[14:49:02] DEBUG: [local] hit 9812581353.png size=(420, 420)
[14:49:02] DEBUG: [local] hit 7113444362.png size=(420, 420)
[14:49:02] DEBUG: [local] hit 6458153755.png size=(420, 420)
[14:49:02] DEBUG: [local] hit 1095307503.png size=(420, 420)
[14:49:02] DEBUG: [local] hit 12074976081.png size=(420, 420)
[14:49:02] DEBUG: [local] hit 636442964.png size=(420, 420)
[14:49:02] DEBUG: [local] hit 17451590228.png size=(420, 420)
[14:49:02] DEBUG: [local] hit 11396300865.png size=(420, 420)
[14:49:02] DEBUG: [local] hit 17378776812.png size=(420, 420)
[14:49:02] DEBUG: [local] hit 7128272234.png size=(420, 420)
[14:49:02] DEBUG: [local] hit 11418392427.png size=(420, 420)
[14:49:02] DEBUG: [local] hit 14399530389.png size=(420, 420)
[14:49:02] DEBUG: [local] hit 15188732604.png size=(420, 420)
[14:49:02] DEBUG: [local] hit 8481943911.png size=(420, 420)
[14:49:02] DEBUG: [local] hit 8391396616.png size=(420, 420)
[14:49:02] DEBUG: [local] hit 15257277583.png size=(420, 420)
[14:49:02] DEBUG: [local] hit 15077979871.png size=(420, 420)
[14:49:02] DEBUG: [local] hit 13447192622.png size=(420, 420)
[14:49:02] DEBUG: [local] hit 12889835650.png size=(420, 420)
[14:49:02] DEBUG: [local] hit 1136892316.png size=(420, 420)
[14:49:02] DEBUG: [local] hit 16279581860.png size=(420, 420)
[14:49:02] DEBUG: [local] hit 8583198807.png size=(420, 420)
[14:49:02] DEBUG: [local] hit 7010148714.png size=(420, 420)
[14:49:02] DEBUG: [local] hit 15242177443.png size=(420, 420)
[14:49:02] DEBUG: [local] hit 129458426.png size=(420, 420)
[14:49:02] DEBUG: [local] hit 9584192488.png size=(420, 420)
[14:49:02] DEBUG: [local] hit 12170418876.png size=(420, 420)
[14:49:02] DEBUG: [local] hit 15621335539.png size=(420, 420)
[14:49:02] DEBUG: [local] hit 8710080431.png size=(420, 420)
[14:49:02] DEBUG: [local] hit 15651847087.png size=(420, 420)
[14:49:02] DEBUG: [local] hit 15651926147.png size=(420, 420)
[14:49:02] DEBUG: [local] hit 15988827043.png size=(420, 420)
[14:49:02] DEBUG: [local] hit 9811540278.png size=(420, 420)
[14:49:02] DEBUG: [local] hit 12380638156.png size=(420, 420)
[14:49:02] DEBUG: [local] hit 16009406988.png size=(420, 420)
[14:49:02] DEBUG: [local] hit 107468946850133.png size=(420, 420)
[14:49:02] DEBUG: [local] hit 14648563936.png size=(420, 420)
[14:49:02] DEBUG: [local] hit 7694177807.png size=(420, 420)
[14:49:02] DEBUG: [local] hit 15397877327.png size=(420, 420)
[14:49:02] DEBUG: [local] hit 27484450.png size=(420, 420)
[14:49:02] DEBUG: [local] hit 14042938496.png size=(420, 420)
[14:49:02] DEBUG: [local] hit 17076470953.png size=(420, 420)
[14:49:02] DEBUG: [local] hit 13380304547.png size=(420, 420)
[14:49:02] DEBUG: [local] hit 15988795715.png size=(420, 420)
[14:49:02] DEBUG: [local] hit 1705783.png size=(420, 420)
[14:49:02] DEBUG: [local] hit 1289815.png size=(420, 420)
[14:49:02] DEBUG: [local] hit 1036727.png size=(420, 420)
[14:49:02] DEBUG: [local] hit 1028595.png size=(420, 420)
[14:49:02] DEBUG: [local] hit 301810204.png size=(420, 420)
[14:49:02] DEBUG: [local] hit 301809996.png size=(420, 420)
[14:49:02] DEBUG: [local] hit 3670737444.png size=(420, 420)
[14:49:02] DEBUG: [local] hit 4637596615.png size=(420, 420)
[14:49:02] DEBUG: [local] hit 4637603462.png size=(420, 420)
[14:49:02] DEBUG: [local] hit 144076436.png size=(420, 420)
[14:49:02] DEBUG: [local] hit 382537085.png size=(420, 420)
[14:49:02] DEBUG: [local] hit 382537702.png size=(420, 420)
[14:49:02] DEBUG: [local] hit 398633584.png size=(420, 420)
[14:49:02] DEBUG: [local] hit 398635081.png size=(420, 420)
[14:49:02] DEBUG: [local] hit 4047884046.png size=(420, 420)
[14:49:02] DEBUG: [local] hit 4047884939.png size=(420, 420)
[14:49:02] DEBUG: [local] hit 4047886060.png size=(420, 420)
[14:49:02] DEBUG: [local] hit 398634295.png size=(420, 420)
[14:49:03] DEBUG: [local] hit 301807898.png size=(420, 420)
[14:49:03] DEBUG: [local] hit 4637611578.png size=(420, 420)
[14:49:03] DEBUG: [local] hit 301808824.png size=(420, 420)
[14:49:03] DEBUG: [local] hit 301809497.png size=(420, 420)
[14:49:03] DEBUG: [local] hit 4637617396.png size=(420, 420)
[14:49:03] DEBUG: [local] hit 301806786.png size=(420, 420)
[14:49:03] DEBUG: [local] hit 607785314.png size=(420, 420)
[14:49:03] DEBUG: [local] hit 382538295.png size=(420, 420)
[14:49:03] DEBUG: [local] hit 382538059.png size=(420, 420)
[14:49:03] DEBUG: [local] hit 144076358.png size=(420, 420)
[14:49:03] DEBUG: [local] hit 301811432.png size=(420, 420)
[14:49:03] DEBUG: [local] hit 301811279.png size=(420, 420)
[14:49:03] DEBUG: [local] hit 4637601297.png size=(420, 420)
[14:49:03] DEBUG: [local] hit 4637605284.png size=(420, 420)
[14:49:03] DEBUG: [local] hit 382537569.png size=(420, 420)
[14:49:03] DEBUG: [local] hit 382537806.png size=(420, 420)
[14:49:03] DEBUG: [local] hit 398634487.png size=(420, 420)
[14:49:03] DEBUG: [local] hit 398635338.png size=(420, 420)
[14:49:03] DEBUG: [local] hit 301810602.png size=(420, 420)
[14:49:03] DEBUG: [local] hit 4637612548.png size=(420, 420)
[14:49:03] DEBUG: [local] hit 301810800.png size=(420, 420)
[14:49:03] DEBUG: [local] hit 301811027.png size=(420, 420)
[14:49:03] DEBUG: [local] hit 4637618900.png size=(420, 420)
[14:49:03] DEBUG: [local] hit 301810423.png size=(420, 420)
[14:49:03] DEBUG: [local] hit 398633812.png size=(420, 420)
[14:49:03] DEBUG: [local] hit 382538503.png size=(420, 420)
[14:49:03] DEBUG: [local] hit 382537950.png size=(420, 420)
[14:49:03] DEBUG: [local] hit 144076760.png size=(420, 420)
[14:49:03] INFO: [thumb] input=279 local_hits=279 need_fetch=0 size=150x150
[14:49:05] INFO: [grid] done items=279 tile=150 bytes=1461199
[14:49:09] INFO: [grid] start items=21 tile=150 size=150x150
[14:49:09] DEBUG: [local] hit 10214406616.png size=(420, 420)
[14:49:09] DEBUG: [local] hit 139021427684680.png size=(420, 420)
[14:49:09] DEBUG: [local] hit 15554016057.png size=(420, 420)
[14:49:09] DEBUG: [local] hit 17360720445.png size=(420, 420)
[14:49:09] DEBUG: [local] hit 14353423348.png size=(420, 420)
[14:49:09] DEBUG: [local] hit 15610015346.png size=(420, 420)
[14:49:09] DEBUG: [local] hit 4689362868.png size=(420, 420)
[14:49:09] DEBUG: [local] hit 3762654854.png size=(420, 420)
[14:49:09] DEBUG: [local] hit 5230661597.png size=(420, 420)
[14:49:09] DEBUG: [local] hit 4849502101.png size=(420, 420)
[14:49:09] DEBUG: [local] hit 15698511500.png size=(420, 420)
[14:49:09] DEBUG: [local] hit 16392120020.png size=(420, 420)
[14:49:09] DEBUG: [local] hit 4940592718.png size=(420, 420)
[14:49:09] DEBUG: [local] hit 14353425085.png size=(420, 420)
[14:49:09] DEBUG: [local] hit 3360689775.png size=(420, 420)
[14:49:09] DEBUG: [local] hit 3360692915.png size=(420, 420)
[14:49:09] DEBUG: [local] hit 5915779043.png size=(420, 420)
[14:49:09] DEBUG: [local] hit 3576968026.png size=(420, 420)
[14:49:09] DEBUG: [local] hit 3576823880.png size=(420, 420)
[14:49:09] DEBUG: [local] hit 3360686498.png size=(420, 420)
[14:49:09] DEBUG: [local] hit 3576686446.png size=(420, 420)
[14:49:09] INFO: [thumb] input=21 local_hits=21 need_fetch=0 size=150x150
[14:49:09] INFO: [grid] done items=21 tile=150 bytes=240686
[14:49:10] INFO: [grid] start items=19 tile=150 size=150x150
[14:49:10] DEBUG: [local] hit 26619096.png size=(420, 420)
[14:49:10] DEBUG: [local] hit 30265169.png size=(420, 420)
[14:49:10] DEBUG: [local] hit 10860397.png size=(420, 420)
[14:49:10] DEBUG: [local] hit 10907541.png size=(420, 420)
[14:49:10] DEBUG: [local] hit 19396123.png size=(420, 420)
[14:49:10] DEBUG: [local] hit 823012694.png size=(420, 420)
[14:49:10] DEBUG: [local] hit 20722130.png size=(420, 420)
[14:49:10] DEBUG: [local] hit 20010377.png size=(420, 420)
[14:49:10] DEBUG: [local] hit 301827237.png size=(420, 420)
[14:49:10] DEBUG: [local] hit 301827199.png size=(420, 420)
[14:49:10] DEBUG: [local] hit 86487766.png size=(420, 420)
[14:49:10] DEBUG: [local] hit 2499652255.png size=(420, 420)
[14:49:10] DEBUG: [local] hit 7699174.png size=(420, 420)
[14:49:10] DEBUG: [local] hit 301826957.png size=(420, 420)
[14:49:10] DEBUG: [local] hit 301827089.png size=(420, 420)
[14:49:10] DEBUG: [local] hit 2493587489.png size=(420, 420)
[14:49:10] DEBUG: [local] hit 301827157.png size=(420, 420)
[14:49:10] DEBUG: [local] hit 86487700.png size=(420, 420)
[14:49:10] DEBUG: [local] hit 144075659.png size=(420, 420)
[14:49:10] INFO: [thumb] input=19 local_hits=19 need_fetch=0 size=150x150
[14:49:10] INFO: [grid] done items=19 tile=150 bytes=155645
[14:49:11] INFO: [grid] start items=4 tile=150 size=150x150
[14:49:11] DEBUG: [local] hit 83021250.png size=(420, 420)
[14:49:11] DEBUG: [local] hit 168141301.png size=(420, 420)
[14:49:11] DEBUG: [local] hit 121946387.png size=(420, 420)
[14:49:11] DEBUG: [local] hit 12187348.png size=(420, 420)
[14:49:11] INFO: [thumb] input=4 local_hits=4 need_fetch=0 size=150x150
[14:49:11] INFO: [grid] done items=4 tile=150 bytes=79678
[14:49:11] INFO: [grid] start items=137 tile=150 size=150x150
[14:49:11] DEBUG: [local] hit 191101707.png size=(420, 420)
[14:49:11] DEBUG: [local] hit 77359955.png size=(420, 420)
[14:49:11] DEBUG: [local] hit 212967757.png size=(420, 420)
[14:49:11] DEBUG: [local] hit 323476364.png size=(420, 420)
[14:49:11] DEBUG: [local] hit 17107876353.png size=(420, 420)
[14:49:11] DEBUG: [local] hit 17040087925.png size=(420, 420)
[14:49:11] DEBUG: [local] hit 17877340.png size=(420, 420)
[14:49:11] DEBUG: [local] hit 17684662129.png size=(420, 420)
[14:49:11] DEBUG: [local] hit 17861666862.png size=(420, 420)
[14:49:11] DEBUG: [local] hit 12239280049.png size=(420, 420)
[14:49:11] DEBUG: [local] hit 13398534958.png size=(420, 420)
[14:49:11] DEBUG: [local] hit 6310159312.png size=(420, 420)
[14:49:11] DEBUG: [local] hit 17604606690.png size=(420, 420)
[14:49:11] DEBUG: [local] hit 16052493267.png size=(420, 420)
[14:49:11] DEBUG: [local] hit 8022090494.png size=(420, 420)
[14:49:11] DEBUG: [local] hit 101101069513501.png size=(420, 420)
[14:49:11] DEBUG: [local] hit 15643990825.png size=(420, 420)
[14:49:11] DEBUG: [local] hit 10928435480.png size=(420, 420)
[14:49:11] DEBUG: [local] hit 13481555913.png size=(420, 420)
[14:49:11] DEBUG: [local] hit 8923165409.png size=(420, 420)
[14:49:11] DEBUG: [local] hit 14892639364.png size=(420, 420)
[14:49:11] DEBUG: [local] hit 16909964287.png size=(420, 420)
[14:49:11] DEBUG: [local] hit 15602894504.png size=(420, 420)
[14:49:11] DEBUG: [local] hit 17364092576.png size=(420, 420)
[14:49:11] DEBUG: [local] hit 17163347147.png size=(420, 420)
[14:49:11] DEBUG: [local] hit 15789883432.png size=(420, 420)
[14:49:11] DEBUG: [local] hit 92773940107398.png size=(420, 420)
[14:49:11] DEBUG: [local] hit 75701677800557.png size=(420, 420)
[14:49:11] DEBUG: [local] hit 9033937039.png size=(420, 420)
[14:49:11] DEBUG: [local] hit 79095104275765.png size=(420, 420)
[14:49:11] DEBUG: [local] hit 121619994846642.png size=(420, 420)
[14:49:11] DEBUG: [local] hit 87719366970131.png size=(420, 420)
[14:49:11] DEBUG: [local] hit 78833913249410.png size=(420, 420)
[14:49:11] DEBUG: [local] hit 17391547393.png size=(420, 420)
[14:49:11] DEBUG: [local] hit 18767340145.png size=(420, 420)
[14:49:11] DEBUG: [local] hit 18572878878.png size=(420, 420)
[14:49:11] DEBUG: [local] hit 16090255087.png size=(420, 420)
[14:49:11] DEBUG: [local] hit 18322375014.png size=(420, 420)
[14:49:11] DEBUG: [local] hit 14475560411.png size=(420, 420)
[14:49:11] DEBUG: [local] hit 13947637744.png size=(420, 420)
[14:49:11] DEBUG: [local] hit 17082940427.png size=(420, 420)
[14:49:11] DEBUG: [local] hit 14282300628.png size=(420, 420)
[14:49:11] DEBUG: [local] hit 13947711266.png size=(420, 420)
[14:49:11] DEBUG: [local] hit 8918751779.png size=(420, 420)
[14:49:11] DEBUG: [local] hit 14649408431.png size=(420, 420)
[14:49:11] DEBUG: [local] hit 10796737619.png size=(420, 420)
[14:49:11] DEBUG: [local] hit 301819935.png size=(420, 420)
[14:49:11] DEBUG: [local] hit 301819845.png size=(420, 420)
[14:49:11] DEBUG: [local] hit 62724852.png size=(420, 420)
[14:49:11] DEBUG: [local] hit 2492675286.png size=(420, 420)
[14:49:11] DEBUG: [local] hit 2499654059.png size=(420, 420)
[14:49:11] DEBUG: [local] hit 3963874672.png size=(420, 420)
[14:49:11] DEBUG: [local] hit 4637254498.png size=(420, 420)
[14:49:12] DEBUG: [local] hit 4637267557.png size=(420, 420)
[14:49:12] DEBUG: [local] hit 11625086208.png size=(420, 420)
[14:49:12] DEBUG: [local] hit 7193454569.png size=(420, 420)
[14:49:12] DEBUG: [local] hit 9243987340.png size=(420, 420)
[14:49:12] DEBUG: [local] hit 376526888.png size=(420, 420)
[14:49:12] DEBUG: [local] hit 376527350.png size=(420, 420)
[14:49:12] DEBUG: [local] hit 451220849.png size=(420, 420)
[14:49:12] DEBUG: [local] hit 451221329.png size=(420, 420)
[14:49:12] DEBUG: [local] hit 1103003368.png size=(420, 420)
[14:49:12] DEBUG: [local] hit 2956239660.png size=(420, 420)
[14:49:12] DEBUG: [local] hit 3814474927.png size=(420, 420)
[14:49:12] DEBUG: [local] hit 3814476174.png size=(420, 420)
[14:49:12] DEBUG: [local] hit 6993758617.png size=(420, 420)
[14:49:12] DEBUG: [local] hit 7193397693.png size=(420, 420)
[14:49:12] DEBUG: [local] hit 7193401217.png size=(420, 420)
[14:49:12] DEBUG: [local] hit 7193405096.png size=(420, 420)
[14:49:12] DEBUG: [local] hit 7193419595.png size=(420, 420)
[14:49:12] DEBUG: [local] hit 7193424874.png size=(420, 420)
[14:49:12] DEBUG: [local] hit 7193437847.png size=(420, 420)
[14:49:12] DEBUG: [local] hit 7193442167.png size=(420, 420)
[14:49:12] DEBUG: [local] hit 7193444640.png size=(420, 420)
[14:49:12] DEBUG: [local] hit 7193445686.png size=(420, 420)
[14:49:12] DEBUG: [local] hit 7193448258.png size=(420, 420)
[14:49:12] DEBUG: [local] hit 7193448988.png size=(420, 420)
[14:49:12] DEBUG: [local] hit 7193449810.png size=(420, 420)
[14:49:12] DEBUG: [local] hit 7193450455.png size=(420, 420)
[14:49:12] DEBUG: [local] hit 7193451306.png size=(420, 420)
[14:49:12] DEBUG: [local] hit 9174354743.png size=(420, 420)
[14:49:12] DEBUG: [local] hit 9174355709.png size=(420, 420)
[14:49:12] DEBUG: [local] hit 9243976603.png size=(420, 420)
[14:49:12] DEBUG: [local] hit 9243983205.png size=(420, 420)
[14:49:12] DEBUG: [local] hit 9243992729.png size=(420, 420)
[14:49:12] DEBUG: [local] hit 9243995099.png size=(420, 420)
[14:49:12] DEBUG: [local] hit 9244008307.png size=(420, 420)
[14:49:12] DEBUG: [local] hit 9244010432.png size=(420, 420)
[14:49:12] DEBUG: [local] hit 9244024443.png size=(420, 420)
[14:49:12] DEBUG: [local] hit 9244029916.png size=(420, 420)
[14:49:12] DEBUG: [local] hit 9244033194.png size=(420, 420)
[14:49:12] DEBUG: [local] hit 9244057408.png size=(420, 420)
[14:49:12] DEBUG: [local] hit 9244060144.png size=(420, 420)
[14:49:12] DEBUG: [local] hit 9244064248.png size=(420, 420)
[14:49:12] DEBUG: [local] hit 9244067444.png size=(420, 420)
[14:49:12] DEBUG: [local] hit 9244070571.png size=(420, 420)
[14:49:12] DEBUG: [local] hit 9244082349.png size=(420, 420)
[14:49:12] DEBUG: [local] hit 9244089488.png size=(420, 420)
[14:49:12] DEBUG: [local] hit 9244097555.png size=(420, 420)
[14:49:12] DEBUG: [local] hit 9244114211.png size=(420, 420)
[14:49:12] DEBUG: [local] hit 9244122897.png size=(420, 420)
[14:49:12] DEBUG: [local] hit 9244125859.png size=(420, 420)
[14:49:12] DEBUG: [local] hit 9244131570.png size=(420, 420)
[14:49:12] DEBUG: [local] hit 9244134513.png size=(420, 420)
[14:49:12] DEBUG: [local] hit 9244137452.png size=(420, 420)
[14:49:12] DEBUG: [local] hit 9244148336.png size=(420, 420)
[14:49:12] DEBUG: [local] hit 9244150641.png size=(420, 420)
[14:49:12] DEBUG: [local] hit 93814107692769.png size=(420, 420)
[14:49:12] DEBUG: [local] hit 3963490791.png size=(420, 420)
[14:49:12] DEBUG: [local] hit 7193452166.png size=(420, 420)
[14:49:12] DEBUG: [local] hit 301818806.png size=(420, 420)
[14:49:12] DEBUG: [local] hit 9244021842.png size=(420, 420)
[14:49:12] DEBUG: [local] hit 4637156063.png size=(420, 420)
[14:49:12] DEBUG: [local] hit 9174353649.png size=(420, 420)
[14:49:12] DEBUG: [local] hit 11599969557.png size=(420, 420)
[14:49:12] DEBUG: [local] hit 301819020.png size=(420, 420)
[14:49:12] DEBUG: [local] hit 6993754725.png size=(420, 420)
[14:49:12] DEBUG: [local] hit 9244111257.png size=(420, 420)
[14:49:12] DEBUG: [local] hit 6494077172.png size=(420, 420)
[14:49:12] DEBUG: [local] hit 11572095427.png size=(420, 420)
[14:49:12] DEBUG: [local] hit 9244095135.png size=(420, 420)
[14:49:12] DEBUG: [local] hit 11584287440.png size=(420, 420)
[14:49:12] DEBUG: [local] hit 301819154.png size=(420, 420)
[14:49:12] DEBUG: [local] hit 7193386173.png size=(420, 420)
[14:49:12] DEBUG: [local] hit 9244145658.png size=(420, 420)
[14:49:12] DEBUG: [local] hit 9244014391.png size=(420, 420)
[14:49:12] DEBUG: [local] hit 9244038785.png size=(420, 420)
[14:49:12] DEBUG: [local] hit 9244091757.png size=(420, 420)
[14:49:12] DEBUG: [local] hit 7193455510.png size=(420, 420)
[14:49:12] DEBUG: [local] hit 4637431811.png size=(420, 420)
[14:49:12] DEBUG: [local] hit 301818464.png size=(420, 420)
[14:49:12] DEBUG: [local] hit 6445270994.png size=(420, 420)
[14:49:12] DEBUG: [local] hit 48474294.png size=(420, 420)
[14:49:12] DEBUG: [local] hit 62234425.png size=(420, 420)
[14:49:12] DEBUG: [local] hit 376548738.png size=(420, 420)
[14:49:12] DEBUG: [local] hit 376524487.png size=(420, 420)
[14:49:12] DEBUG: [local] hit 63690008.png size=(420, 420)
[14:49:12] INFO: [thumb] input=137 local_hits=137 need_fetch=0 size=150x150
[14:49:13] INFO: [grid] done items=137 tile=150 bytes=1092575
[14:49:15] INFO: [grid] start items=81 tile=150 size=150x150
[14:49:15] DEBUG: [local] hit 15697459.png size=(420, 420)
[14:49:15] DEBUG: [local] hit 6405194951.png size=(420, 420)
[14:49:15] DEBUG: [local] hit 16810724254.png size=(420, 420)
[14:49:16] DEBUG: [local] hit 17269521066.png size=(420, 420)
[14:49:16] DEBUG: [local] hit 17405570916.png size=(420, 420)
[14:49:16] DEBUG: [local] hit 15920848733.png size=(420, 420)
[14:49:16] DEBUG: [local] hit 14440043838.png size=(420, 420)
[14:49:16] DEBUG: [local] hit 15879832307.png size=(420, 420)
[14:49:16] DEBUG: [local] hit 17330318143.png size=(420, 420)
[14:49:16] DEBUG: [local] hit 74108785680678.png size=(420, 420)
[14:49:16] DEBUG: [local] hit 16957090879.png size=(420, 420)
[14:49:16] DEBUG: [local] hit 12262003814.png size=(420, 420)
[14:49:16] DEBUG: [local] hit 15821749930.png size=(420, 420)
[14:49:16] DEBUG: [local] hit 16687774345.png size=(420, 420)
[14:49:16] DEBUG: [local] hit 18473155384.png size=(420, 420)
[14:49:16] DEBUG: [local] hit 6807837252.png size=(420, 420)
[14:49:16] DEBUG: [local] hit 17563335036.png size=(420, 420)
[14:49:16] DEBUG: [local] hit 18516457419.png size=(420, 420)
[14:49:16] DEBUG: [local] hit 17564588126.png size=(420, 420)
[14:49:16] DEBUG: [local] hit 6774189421.png size=(420, 420)
[14:49:16] DEBUG: [local] hit 122067820905006.png size=(420, 420)
[14:49:16] DEBUG: [local] hit 18948112735.png size=(420, 420)
[14:49:16] DEBUG: [local] hit 18233063806.png size=(420, 420)
[14:49:16] DEBUG: [local] hit 91650095765236.png size=(420, 420)
[14:49:16] DEBUG: [local] hit 14999875848.png size=(420, 420)
[14:49:16] DEBUG: [local] hit 8041171606.png size=(420, 420)
[14:49:16] DEBUG: [local] hit 15101983120.png size=(420, 420)
[14:49:16] DEBUG: [local] hit 17039389777.png size=(420, 420)
[14:49:16] DEBUG: [local] hit 16771367819.png size=(420, 420)
[14:49:16] DEBUG: [local] hit 16264305551.png size=(420, 420)
[14:49:16] DEBUG: [local] hit 11660678371.png size=(420, 420)
[14:49:16] DEBUG: [local] hit 8780017969.png size=(420, 420)
[14:49:16] DEBUG: [local] hit 16265047366.png size=(420, 420)
[14:49:16] DEBUG: [local] hit 17108858606.png size=(420, 420)
[14:49:16] DEBUG: [local] hit 17779108068.png size=(420, 420)
[14:49:16] DEBUG: [local] hit 11713115171.png size=(420, 420)
[14:49:16] DEBUG: [local] hit 17405054612.png size=(420, 420)
[14:49:16] DEBUG: [local] hit 16292136577.png size=(420, 420)
[14:49:16] DEBUG: [local] hit 6275981862.png size=(420, 420)
[14:49:16] DEBUG: [local] hit 13700469376.png size=(420, 420)
[14:49:16] DEBUG: [local] hit 11329623626.png size=(420, 420)
[14:49:16] DEBUG: [local] hit 4381828509.png size=(420, 420)
[14:49:16] DEBUG: [local] hit 1772336109.png size=(420, 420)
[14:49:16] DEBUG: [local] hit 48474313.png size=(420, 420)
[14:49:16] DEBUG: [local] hit 607700713.png size=(420, 420)
[14:49:16] DEBUG: [local] hit 617605556.png size=(420, 420)
[14:49:16] DEBUG: [local] hit 2646473721.png size=(420, 420)
[14:49:16] DEBUG: [local] hit 3033908130.png size=(420, 420)
[14:49:16] DEBUG: [local] hit 3033910400.png size=(420, 420)
[14:49:16] DEBUG: [local] hit 3398308134.png size=(420, 420)
[14:49:16] DEBUG: [local] hit 3403874988.png size=(420, 420)
[14:49:16] DEBUG: [local] hit 3409612660.png size=(420, 420)
[14:49:16] DEBUG: [local] hit 3438342658.png size=(420, 420)
[14:49:16] DEBUG: [local] hit 3443038622.png size=(420, 420)
[14:49:16] DEBUG: [local] hit 3499972183.png size=(420, 420)
[14:49:16] DEBUG: [local] hit 3656493304.png size=(420, 420)
[14:49:16] DEBUG: [local] hit 3662265036.png size=(420, 420)
[14:49:16] DEBUG: [local] hit 3822880197.png size=(420, 420)
[14:49:16] DEBUG: [local] hit 3940375351.png size=(420, 420)
[14:49:16] DEBUG: [local] hit 3992084515.png size=(420, 420)
[14:49:16] DEBUG: [local] hit 4047554959.png size=(420, 420)
[14:49:16] DEBUG: [local] hit 4094878701.png size=(420, 420)
[14:49:16] DEBUG: [local] hit 4154538250.png size=(420, 420)
[14:49:16] DEBUG: [local] hit 4246228452.png size=(420, 420)
[14:49:16] DEBUG: [local] hit 4324158403.png size=(420, 420)
[14:49:16] DEBUG: [local] hit 4381707497.png size=(420, 420)
[14:49:16] DEBUG: [local] hit 4391384843.png size=(420, 420)
[14:49:16] DEBUG: [local] hit 4489239608.png size=(420, 420)
[14:49:16] DEBUG: [local] hit 4584029953.png size=(420, 420)
[14:49:16] DEBUG: [local] hit 4584042059.png size=(420, 420)
[14:49:16] DEBUG: [local] hit 4622081834.png size=(420, 420)
[14:49:16] DEBUG: [local] hit 4645400486.png size=(420, 420)
[14:49:16] DEBUG: [local] hit 4645404679.png size=(420, 420)
[14:49:16] DEBUG: [local] hit 4819740796.png size=(420, 420)
[14:49:16] DEBUG: [local] hit 126442429226538.png size=(420, 420)
[14:49:16] DEBUG: [local] hit 104117401833251.png size=(420, 420)
[14:49:16] DEBUG: [local] hit 2493590711.png size=(420, 420)
[14:49:16] DEBUG: [local] hit 607702162.png size=(420, 420)
[14:49:16] DEBUG: [local] hit 139610147.png size=(420, 420)
[14:49:16] DEBUG: [local] hit 417457461.png size=(420, 420)
[14:49:16] DEBUG: [local] hit 102611803.png size=(420, 420)
[14:49:16] INFO: [thumb] input=81 local_hits=81 need_fetch=0 size=150x150
[14:49:17] INFO: [grid] done items=81 tile=150 bytes=634839
[14:49:18] INFO: [grid] start items=10 tile=150 size=150x150
[14:49:18] DEBUG: [local] hit 746767604.png size=(420, 420)
[14:49:18] DEBUG: [local] hit 86498113.png size=(420, 420)
[14:49:18] DEBUG: [local] hit 2499654905.png size=(420, 420)
[14:49:18] DEBUG: [local] hit 6494064291.png size=(420, 420)
[14:49:18] DEBUG: [local] hit 2493588193.png size=(420, 420)
[14:49:18] DEBUG: [local] hit 6445269791.png size=(420, 420)
[14:49:18] DEBUG: [local] hit 86498048.png size=(420, 420)
[14:49:18] DEBUG: [local] hit 6340227.png size=(420, 420)
[14:49:18] DEBUG: [local] hit 6340213.png size=(420, 420)
[14:49:18] DEBUG: [local] hit 6340101.png size=(420, 420)
[14:49:18] INFO: [thumb] input=10 local_hits=10 need_fetch=0 size=150x150
[14:49:18] INFO: [grid] done items=10 tile=150 bytes=104039
[14:49:51] INFO: [imagegen] cwd=C:\Users\Timox\Downloads\BOTIK-main\BOTIK-main READY_ITEM_DIR=C:\Users\Timox\Downloads\BOTIK-main\BOTIK-main\item_images DEBUG=True
[14:50:14] INFO: [grid] start items=96 tile=150 size=420x420
[14:50:15] INFO: [thumb] input=96 local_hits=96 need_fetch=0 size=420x420
[14:50:16] INFO: [grid] done items=96 cols=10 rows=10 tile=150 bytes=869670
[14:50:18] INFO: [grid] start items=279 tile=150 size=420x420
[14:50:18] INFO: [thumb] input=279 local_hits=279 need_fetch=0 size=420x420
[14:50:21] INFO: [grid] done items=279 cols=17 rows=17 tile=150 bytes=1461988
[14:50:25] INFO: [grid] start items=21 tile=150 size=420x420
[14:50:25] INFO: [thumb] input=21 local_hits=21 need_fetch=0 size=420x420
[14:50:25] INFO: [grid] done items=21 cols=5 rows=5 tile=150 bytes=247842
[14:50:26] INFO: [grid] start items=19 tile=150 size=420x420
[14:50:26] INFO: [thumb] input=19 local_hits=19 need_fetch=0 size=420x420
[14:50:26] INFO: [grid] done items=19 cols=5 rows=4 tile=150 bytes=192835
[14:50:27] INFO: [grid] start items=4 tile=150 size=420x420
[14:50:27] INFO: [thumb] input=4 local_hits=4 need_fetch=0 size=420x420
[14:50:27] INFO: [grid] done items=4 cols=2 rows=2 tile=150 bytes=80965
[14:50:27] INFO: [grid] start items=137 tile=150 size=420x420
[14:50:28] INFO: [thumb] input=137 local_hits=137 need_fetch=0 size=420x420
[14:50:29] INFO: [grid] done items=137 cols=12 rows=12 tile=150 bytes=1210518
[14:50:32] INFO: [grid] start items=81 tile=150 size=420x420
[14:50:33] INFO: [thumb] input=81 local_hits=81 need_fetch=0 size=420x420
[14:50:34] INFO: [grid] done items=81 cols=9 rows=9 tile=150 bytes=680585
[14:50:35] INFO: [grid] start items=10 tile=150 size=420x420
[14:50:35] INFO: [thumb] input=10 local_hits=10 need_fetch=0 size=420x420
[14:50:36] INFO: [grid] done items=10 cols=4 rows=3 tile=150 bytes=165171
